<?xml version="1.0" encoding="UTF-8"?>
<coverage generated="1496250166">
  <project timestamp="1496250166">
    <file name="/home/stepan/www/ipsp-php/src/Ipsp/Api.php">
      <class name="Ipsp_Api" namespace="global" fullPackage="Ipsp">
        <metrics methods="9" coveredmethods="9" conditionals="0" coveredconditionals="0" statements="28" coveredstatements="28" elements="37" coveredelements="37"/>
      </class>
      <line num="39" type="method" name="__construct" crap="1" count="1"/>
      <line num="40" type="stmt" count="1"/>
      <line num="41" type="stmt" count="1"/>
      <line num="42" type="stmt" count="1"/>
      <line num="43" type="stmt" count="1"/>
      <line num="50" type="method" name="initResource" crap="2" count="4"/>
      <line num="51" type="stmt" count="4"/>
      <line num="52" type="stmt" count="4"/>
      <line num="53" type="stmt" count="2"/>
      <line num="54" type="stmt" count="2"/>
      <line num="63" type="method" name="call" crap="1" count="2"/>
      <line num="64" type="stmt" count="2"/>
      <line num="65" type="stmt" count="1"/>
      <line num="66" type="stmt" count="1"/>
      <line num="74" type="method" name="setParam" crap="1" count="1"/>
      <line num="75" type="stmt" count="1"/>
      <line num="76" type="stmt" count="1"/>
      <line num="81" type="method" name="getParam" crap="1" count="1"/>
      <line num="82" type="stmt" count="1"/>
      <line num="91" type="method" name="handleError" crap="1" count="1"/>
      <line num="92" type="stmt" count="1"/>
      <line num="97" type="method" name="hasAcsData" crap="2" count="1"/>
      <line num="98" type="stmt" count="1"/>
      <line num="101" type="method" name="getCurrentUrl" crap="5" count="1"/>
      <line num="102" type="stmt" count="1"/>
      <line num="103" type="stmt" count="1"/>
      <line num="104" type="stmt" count="1"/>
      <line num="105" type="stmt" count="1"/>
      <line num="106" type="stmt" count="1"/>
      <line num="107" type="stmt" count="1"/>
      <line num="108" type="stmt" count="1"/>
      <line num="109" type="stmt" count="1"/>
      <line num="110" type="stmt" count="1"/>
      <line num="111" type="stmt" count="1"/>
      <line num="113" type="stmt" count="1"/>
      <line num="119" type="method" name="hasResponseData" crap="1" count="1"/>
      <line num="120" type="stmt" count="1"/>
      <metrics loc="153" ncloc="78" classes="1" methods="9" coveredmethods="9" conditionals="0" coveredconditionals="0" statements="28" coveredstatements="28" elements="37" coveredelements="37"/>
    </file>
    <file name="/home/stepan/www/ipsp-php/src/Ipsp/Client.php">
      <class name="Ipsp_Client" namespace="global" fullPackage="Ipsp">
        <metrics methods="8" coveredmethods="8" conditionals="0" coveredconditionals="0" statements="20" coveredstatements="20" elements="28" coveredelements="28"/>
      </class>
      <line num="16" type="method" name="__construct" crap="1" count="5"/>
      <line num="17" type="stmt" count="5"/>
      <line num="18" type="stmt" count="4"/>
      <line num="19" type="stmt" count="3"/>
      <line num="20" type="stmt" count="2"/>
      <line num="24" type="method" name="setId" crap="2" count="7"/>
      <line num="26" type="stmt" count="7"/>
      <line num="27" type="stmt" count="7"/>
      <line num="28" type="stmt" count="6"/>
      <line num="29" type="stmt" count="6"/>
      <line num="33" type="method" name="setPassword" crap="2" count="5"/>
      <line num="35" type="stmt" count="5"/>
      <line num="36" type="stmt" count="5"/>
      <line num="37" type="stmt" count="4"/>
      <line num="38" type="stmt" count="4"/>
      <line num="43" type="method" name="setUrl" crap="2" count="3"/>
      <line num="45" type="stmt" count="3"/>
      <line num="46" type="stmt" count="3"/>
      <line num="47" type="stmt" count="2"/>
      <line num="48" type="stmt" count="2"/>
      <line num="49" type="method" name="getUrlFormat" crap="1" count="4"/>
      <line num="50" type="stmt" count="4"/>
      <line num="55" type="method" name="getId" crap="1" count="1"/>
      <line num="56" type="stmt" count="1"/>
      <line num="61" type="method" name="getPassword" crap="1" count="1"/>
      <line num="62" type="stmt" count="1"/>
      <line num="67" type="method" name="getUrl" crap="1" count="1"/>
      <line num="68" type="stmt" count="1"/>
      <metrics loc="70" ncloc="44" classes="1" methods="8" coveredmethods="8" conditionals="0" coveredconditionals="0" statements="20" coveredstatements="20" elements="28" coveredelements="28"/>
    </file>
    <file name="/home/stepan/www/ipsp-php/src/Ipsp/Curl.php">
      <class name="Ipsp_Curl" namespace="global" fullPackage="Ipsp">
        <metrics methods="0" coveredmethods="0" conditionals="0" coveredconditionals="0" statements="0" coveredstatements="0" elements="0" coveredelements="0"/>
      </class>
      <metrics loc="311" ncloc="189" classes="1" methods="0" coveredmethods="0" conditionals="0" coveredconditionals="0" statements="0" coveredstatements="0" elements="0" coveredelements="0"/>
    </file>
    <file name="/home/stepan/www/ipsp-php/src/Ipsp/Error.php">
      <class name="Ipsp_Error" namespace="global" fullPackage="Ipsp">
        <metrics methods="0" coveredmethods="0" conditionals="0" coveredconditionals="0" statements="0" coveredstatements="0" elements="0" coveredelements="0"/>
      </class>
      <metrics loc="8" ncloc="5" classes="1" methods="0" coveredmethods="0" conditionals="0" coveredconditionals="0" statements="0" coveredstatements="0" elements="0" coveredelements="0"/>
    </file>
    <file name="/home/stepan/www/ipsp-php/src/Ipsp/Request.php">
      <class name="Ipsp_Request" namespace="global" fullPackage="Ipsp">
        <metrics methods="7" coveredmethods="1" conditionals="0" coveredconditionals="0" statements="19" coveredstatements="2" elements="26" coveredelements="3"/>
      </class>
      <line num="26" type="method" name="__construct" crap="1" count="2"/>
      <line num="27" type="stmt" count="2"/>
      <line num="28" type="stmt" count="2"/>
      <line num="33" type="method" name="setFormat" crap="2" count="0"/>
      <line num="34" type="stmt" count="0"/>
      <line num="35" type="stmt" count="0"/>
      <line num="40" type="method" name="getContentType" crap="2" count="0"/>
      <line num="41" type="stmt" count="0"/>
      <line num="42" type="stmt" count="0"/>
      <line num="47" type="method" name="getContentTypes" crap="2" count="0"/>
      <line num="48" type="stmt" count="0"/>
      <line num="54" type="method" name="getContentLength" crap="2" count="0"/>
      <line num="55" type="stmt" count="0"/>
      <line num="63" type="method" name="doPost" crap="2" count="0"/>
      <line num="64" type="stmt" count="0"/>
      <line num="65" type="stmt" count="0"/>
      <line num="66" type="stmt" count="0"/>
      <line num="67" type="stmt" count="0"/>
      <line num="68" type="stmt" count="0"/>
      <line num="69" type="stmt" count="0"/>
      <line num="77" type="method" name="doGet" crap="6" count="0"/>
      <line num="78" type="stmt" count="0"/>
      <line num="79" type="stmt" count="0"/>
      <line num="80" type="stmt" count="0"/>
      <line num="81" type="stmt" count="0"/>
      <line num="82" type="stmt" count="0"/>
      <metrics loc="85" ncloc="45" classes="1" methods="7" coveredmethods="1" conditionals="0" coveredconditionals="0" statements="19" coveredstatements="2" elements="26" coveredelements="3"/>
    </file>
    <file name="/home/stepan/www/ipsp-php/src/Ipsp/Resource.php">
      <class name="Ipsp_Resource" namespace="global" fullPackage="Ipsp">
        <metrics methods="21" coveredmethods="3" conditionals="0" coveredconditionals="0" statements="60" coveredstatements="8" elements="81" coveredelements="11"/>
      </class>
      <line num="68" type="method" name="getSignature" crap="2" count="0"/>
      <line num="69" type="stmt" count="0"/>
      <line num="70" type="stmt" count="0"/>
      <line num="71" type="stmt" count="0"/>
      <line num="72" type="stmt" count="0"/>
      <line num="73" type="stmt" count="0"/>
      <line num="74" type="stmt" count="0"/>
      <line num="80" type="method" name="parseJson" crap="2" count="0"/>
      <line num="81" type="stmt" count="0"/>
      <line num="82" type="stmt" count="0"/>
      <line num="89" type="method" name="parseXml" crap="2" count="0"/>
      <line num="90" type="stmt" count="0"/>
      <line num="91" type="stmt" count="0"/>
      <line num="92" type="stmt" count="0"/>
      <line num="98" type="method" name="parseForm" crap="2" count="0"/>
      <line num="99" type="stmt" count="0"/>
      <line num="100" type="stmt" count="0"/>
      <line num="101" type="stmt" count="0"/>
      <line num="108" type="method" name="parseRespose" crap="6" count="0"/>
      <line num="109" type="stmt" count="0"/>
      <line num="110" type="stmt" count="0"/>
      <line num="111" type="stmt" count="0"/>
      <line num="114" type="stmt" count="0"/>
      <line num="121" type="method" name="jsonParams" crap="2" count="0"/>
      <line num="122" type="stmt" count="0"/>
      <line num="124" type="stmt" count="0"/>
      <line num="130" type="method" name="formParams" crap="2" count="0"/>
      <line num="131" type="stmt" count="0"/>
      <line num="137" type="method" name="xmlParams" crap="2" count="0"/>
      <line num="138" type="stmt" count="0"/>
      <line num="139" type="stmt" count="0"/>
      <line num="140" type="stmt" count="0"/>
      <line num="147" type="method" name="buildParams" crap="6" count="0"/>
      <line num="148" type="stmt" count="0"/>
      <line num="149" type="stmt" count="0"/>
      <line num="150" type="stmt" count="0"/>
      <line num="153" type="stmt" count="0"/>
      <line num="160" type="method" name="__construct" crap="2" count="2"/>
      <line num="161" type="stmt" count="2"/>
      <line num="162" type="stmt" count="2"/>
      <line num="163" type="stmt" count="2"/>
      <line num="164" type="stmt" count="2"/>
      <line num="168" type="method" name="setClient" crap="1" count="1"/>
      <line num="169" type="stmt" count="1"/>
      <line num="170" type="stmt" count="1"/>
      <line num="175" type="method" name="isValid" crap="2" count="0"/>
      <line num="176" type="stmt" count="0"/>
      <line num="177" type="stmt" count="0"/>
      <line num="184" type="method" name="isValidParam" crap="2" count="0"/>
      <line num="185" type="stmt" count="0"/>
      <line num="191" type="method" name="setParams" crap="6" count="0"/>
      <line num="192" type="stmt" count="0"/>
      <line num="193" type="stmt" count="0"/>
      <line num="194" type="stmt" count="0"/>
      <line num="195" type="stmt" count="0"/>
      <line num="202" type="method" name="setParam" crap="6" count="0"/>
      <line num="203" type="stmt" count="0"/>
      <line num="204" type="stmt" count="0"/>
      <line num="205" type="stmt" count="0"/>
      <line num="206" type="stmt" count="0"/>
      <line num="211" type="method" name="getParams" crap="2" count="0"/>
      <line num="212" type="stmt" count="0"/>
      <line num="213" type="stmt" count="0"/>
      <line num="214" type="stmt" count="0"/>
      <line num="215" type="stmt" count="0"/>
      <line num="222" type="method" name="getParam" crap="6" count="0"/>
      <line num="223" type="stmt" count="0"/>
      <line num="228" type="method" name="getUrl" crap="2" count="0"/>
      <line num="229" type="stmt" count="0"/>
      <line num="235" type="method" name="call" crap="2" count="0"/>
      <line num="236" type="stmt" count="0"/>
      <line num="237" type="stmt" count="0"/>
      <line num="238" type="stmt" count="0"/>
      <line num="239" type="stmt" count="0"/>
      <line num="240" type="stmt" count="0"/>
      <line num="241" type="stmt" count="0"/>
      <line num="247" type="method" name="setResponse" crap="1" count="1"/>
      <line num="248" type="stmt" count="1"/>
      <line num="249" type="stmt" count="1"/>
      <line num="253" type="method" name="getResponse" crap="2" count="0"/>
      <line num="254" type="stmt" count="0"/>
      <metrics loc="256" ncloc="135" classes="1" methods="21" coveredmethods="3" conditionals="0" coveredconditionals="0" statements="60" coveredstatements="8" elements="81" coveredelements="11"/>
    </file>
    <file name="/home/stepan/www/ipsp-php/src/Ipsp/Resource/Capture.php">
      <class name="Ipsp_Resource_Capture" namespace="global" fullPackage="Ipsp.Resource">
        <metrics methods="0" coveredmethods="0" conditionals="0" coveredconditionals="0" statements="0" coveredstatements="0" elements="0" coveredelements="0"/>
      </class>
      <metrics loc="29" ncloc="26" classes="1" methods="0" coveredmethods="0" conditionals="0" coveredconditionals="0" statements="0" coveredstatements="0" elements="0" coveredelements="0"/>
    </file>
    <file name="/home/stepan/www/ipsp-php/src/Ipsp/Resource/Checkout.php">
      <class name="Ipsp_Resource_Checkout" namespace="global" fullPackage="Ipsp.Resource">
        <metrics methods="1" coveredmethods="0" conditionals="0" coveredconditionals="0" statements="2" coveredstatements="0" elements="3" coveredelements="0"/>
      </class>
      <line num="34" type="method" name="redirectToCheckout" crap="2" count="0"/>
      <line num="35" type="stmt" count="0"/>
      <line num="36" type="stmt" count="0"/>
      <metrics loc="36" ncloc="33" classes="1" methods="1" coveredmethods="0" conditionals="0" coveredconditionals="0" statements="2" coveredstatements="0" elements="3" coveredelements="0"/>
    </file>
    <file name="/home/stepan/www/ipsp-php/src/Ipsp/Resource/P2pcredit.php">
      <class name="Ipsp_Resource_P2pcredit" namespace="global" fullPackage="Ipsp.Resource">
        <metrics methods="0" coveredmethods="0" conditionals="0" coveredconditionals="0" statements="0" coveredstatements="0" elements="0" coveredelements="0"/>
      </class>
      <metrics loc="48" ncloc="45" classes="1" methods="0" coveredmethods="0" conditionals="0" coveredconditionals="0" statements="0" coveredstatements="0" elements="0" coveredelements="0"/>
    </file>
    <file name="/home/stepan/www/ipsp-php/src/Ipsp/Resource/Pcidss.php">
      <class name="Ipsp_Resource_Pcidss" namespace="global" fullPackage="Ipsp.Resource">
        <metrics methods="1" coveredmethods="0" conditionals="0" coveredconditionals="0" statements="14" coveredstatements="0" elements="15" coveredelements="0"/>
      </class>
      <line num="40" type="method" name="acsRedirect" crap="12" count="0"/>
      <line num="41" type="stmt" count="0"/>
      <line num="42" type="stmt" count="0"/>
      <line num="43" type="stmt" count="0"/>
      <line num="44" type="stmt" count="0"/>
      <line num="45" type="stmt" count="0"/>
      <line num="46" type="stmt" count="0"/>
      <line num="47" type="stmt" count="0"/>
      <line num="48" type="stmt" count="0"/>
      <line num="49" type="stmt" count="0"/>
      <line num="50" type="stmt" count="0"/>
      <line num="51" type="stmt" count="0"/>
      <line num="52" type="stmt" count="0"/>
      <line num="53" type="stmt" count="0"/>
      <line num="54" type="stmt" count="0"/>
      <metrics loc="55" ncloc="52" classes="1" methods="1" coveredmethods="0" conditionals="0" coveredconditionals="0" statements="14" coveredstatements="0" elements="15" coveredelements="0"/>
    </file>
    <file name="/home/stepan/www/ipsp-php/src/Ipsp/Resource/PcidssConfirm.php">
      <class name="Ipsp_Resource_PcidssConfirm" namespace="global" fullPackage="Ipsp.Resource">
        <metrics methods="0" coveredmethods="0" conditionals="0" coveredconditionals="0" statements="0" coveredstatements="0" elements="0" coveredelements="0"/>
      </class>
      <metrics loc="34" ncloc="31" classes="1" methods="0" coveredmethods="0" conditionals="0" coveredconditionals="0" statements="0" coveredstatements="0" elements="0" coveredelements="0"/>
    </file>
    <file name="/home/stepan/www/ipsp-php/src/Ipsp/Resource/Recurring.php">
      <class name="Ipsp_Resource_Recurring" namespace="global" fullPackage="Ipsp.Resource">
        <metrics methods="0" coveredmethods="0" conditionals="0" coveredconditionals="0" statements="0" coveredstatements="0" elements="0" coveredelements="0"/>
      </class>
      <metrics loc="41" ncloc="38" classes="1" methods="0" coveredmethods="0" conditionals="0" coveredconditionals="0" statements="0" coveredstatements="0" elements="0" coveredelements="0"/>
    </file>
    <file name="/home/stepan/www/ipsp-php/src/Ipsp/Resource/Reports.php">
      <class name="Ipsp_Resource_Reports" namespace="global" fullPackage="Ipsp.Resource">
        <metrics methods="0" coveredmethods="0" conditionals="0" coveredconditionals="0" statements="0" coveredstatements="0" elements="0" coveredelements="0"/>
      </class>
      <metrics loc="32" ncloc="29" classes="1" methods="0" coveredmethods="0" conditionals="0" coveredconditionals="0" statements="0" coveredstatements="0" elements="0" coveredelements="0"/>
    </file>
    <file name="/home/stepan/www/ipsp-php/src/Ipsp/Resource/Result.php">
      <class name="Ipsp_Resource_Result" namespace="global" fullPackage="Ipsp.Resource">
        <metrics methods="2" coveredmethods="0" conditionals="0" coveredconditionals="0" statements="17" coveredstatements="4" elements="19" coveredelements="4"/>
      </class>
      <line num="7" type="method" name="call" crap="2.15" count="1"/>
      <line num="8" type="stmt" count="1"/>
      <line num="9" type="stmt" count="1"/>
      <line num="10" type="stmt" count="0"/>
      <line num="11" type="stmt" count="0"/>
      <line num="12" type="stmt" count="1"/>
      <line num="14" type="stmt" count="1"/>
      <line num="16" type="method" name="parseResponseData" crap="6" count="0"/>
      <line num="17" type="stmt" count="0"/>
      <line num="18" type="stmt" count="0"/>
      <line num="19" type="stmt" count="0"/>
      <line num="20" type="stmt" count="0"/>
      <line num="21" type="stmt" count="0"/>
      <line num="22" type="stmt" count="0"/>
      <line num="23" type="stmt" count="0"/>
      <line num="24" type="stmt" count="0"/>
      <line num="25" type="stmt" count="0"/>
      <line num="26" type="stmt" count="0"/>
      <line num="27" type="stmt" count="0"/>
      <metrics loc="27" ncloc="24" classes="1" methods="2" coveredmethods="0" conditionals="0" coveredconditionals="0" statements="17" coveredstatements="4" elements="19" coveredelements="4"/>
    </file>
    <file name="/home/stepan/www/ipsp-php/src/Ipsp/Resource/Reverse.php">
      <class name="Ipsp_Resource_Reverse" namespace="global" fullPackage="Ipsp.Resource">
        <metrics methods="0" coveredmethods="0" conditionals="0" coveredconditionals="0" statements="0" coveredstatements="0" elements="0" coveredelements="0"/>
      </class>
      <metrics loc="36" ncloc="33" classes="1" methods="0" coveredmethods="0" conditionals="0" coveredconditionals="0" statements="0" coveredstatements="0" elements="0" coveredelements="0"/>
    </file>
    <file name="/home/stepan/www/ipsp-php/src/Ipsp/Resource/Status.php">
      <class name="Ipsp_Resource_Status" namespace="global" fullPackage="Ipsp.Resource">
        <metrics methods="0" coveredmethods="0" conditionals="0" coveredconditionals="0" statements="0" coveredstatements="0" elements="0" coveredelements="0"/>
      </class>
      <metrics loc="25" ncloc="22" classes="1" methods="0" coveredmethods="0" conditionals="0" coveredconditionals="0" statements="0" coveredstatements="0" elements="0" coveredelements="0"/>
    </file>
    <file name="/home/stepan/www/ipsp-php/src/Ipsp/Resource/Verification.php">
      <class name="Ipsp_Resource_Verification" namespace="global" fullPackage="Ipsp.Resource">
        <metrics methods="0" coveredmethods="0" conditionals="0" coveredconditionals="0" statements="0" coveredstatements="0" elements="0" coveredelements="0"/>
      </class>
      <metrics loc="46" ncloc="43" classes="1" methods="0" coveredmethods="0" conditionals="0" coveredconditionals="0" statements="0" coveredstatements="0" elements="0" coveredelements="0"/>
    </file>
    <file name="/home/stepan/www/ipsp-php/src/Ipsp/Response.php">
      <class name="Ipsp_Response" namespace="global" fullPackage="Ipsp">
        <metrics methods="11" coveredmethods="1" conditionals="0" coveredconditionals="0" statements="15" coveredstatements="2" elements="26" coveredelements="3"/>
      </class>
      <line num="15" type="method" name="__construct" crap="1" count="1"/>
      <line num="16" type="stmt" count="1"/>
      <line num="17" type="stmt" count="1"/>
      <line num="22" type="method" name="__get" crap="6" count="0"/>
      <line num="23" type="stmt" count="0"/>
      <line num="28" type="method" name="__toString" crap="2" count="0"/>
      <line num="29" type="stmt" count="0"/>
      <line num="34" type="method" name="getData" crap="2" count="0"/>
      <line num="35" type="stmt" count="0"/>
      <line num="41" type="method" name="redirectTo" crap="6" count="0"/>
      <line num="42" type="stmt" count="0"/>
      <line num="43" type="stmt" count="0"/>
      <line num="44" type="stmt" count="0"/>
      <line num="45" type="stmt" count="0"/>
      <line num="50" type="method" name="isSuccess" crap="2" count="0"/>
      <line num="51" type="stmt" count="0"/>
      <line num="57" type="method" name="isFailure" crap="2" count="0"/>
      <line num="58" type="stmt" count="0"/>
      <line num="64" type="method" name="getErrorCode" crap="2" count="0"/>
      <line num="65" type="stmt" count="0"/>
      <line num="71" type="method" name="getErrorMessage" crap="2" count="0"/>
      <line num="72" type="stmt" count="0"/>
      <line num="78" type="method" name="getCheckoutUrl" crap="2" count="0"/>
      <line num="79" type="stmt" count="0"/>
      <line num="85" type="method" name="redirectToCheckout" crap="2" count="0"/>
      <line num="86" type="stmt" count="0"/>
      <metrics loc="87" ncloc="47" classes="1" methods="11" coveredmethods="1" conditionals="0" coveredconditionals="0" statements="15" coveredstatements="2" elements="26" coveredelements="3"/>
    </file>
    <file name="/home/stepan/www/ipsp-php/src/Ipsp/XmlData.php">
      <class name="Ipsp_XmlData" namespace="global" fullPackage="Ipsp">
        <metrics methods="2" coveredmethods="0" conditionals="0" coveredconditionals="0" statements="20" coveredstatements="0" elements="22" coveredelements="0"/>
      </class>
      <line num="10" type="method" name="arrayToXml" crap="20" count="0"/>
      <line num="11" type="stmt" count="0"/>
      <line num="12" type="stmt" count="0"/>
      <line num="13" type="stmt" count="0"/>
      <line num="14" type="stmt" count="0"/>
      <line num="15" type="stmt" count="0"/>
      <line num="16" type="stmt" count="0"/>
      <line num="17" type="stmt" count="0"/>
      <line num="18" type="stmt" count="0"/>
      <line num="19" type="stmt" count="0"/>
      <line num="20" type="stmt" count="0"/>
      <line num="24" type="method" name="xmlToArray" crap="12" count="0"/>
      <line num="25" type="stmt" count="0"/>
      <line num="26" type="stmt" count="0"/>
      <line num="27" type="stmt" count="0"/>
      <line num="28" type="stmt" count="0"/>
      <line num="29" type="stmt" count="0"/>
      <line num="30" type="stmt" count="0"/>
      <line num="31" type="stmt" count="0"/>
      <line num="32" type="stmt" count="0"/>
      <line num="33" type="stmt" count="0"/>
      <line num="34" type="stmt" count="0"/>
      <metrics loc="34" ncloc="25" classes="1" methods="2" coveredmethods="0" conditionals="0" coveredconditionals="0" statements="20" coveredstatements="0" elements="22" coveredelements="0"/>
    </file>
    <metrics files="19" loc="1413" ncloc="944" classes="19" methods="62" coveredmethods="22" conditionals="0" coveredconditionals="0" statements="195" coveredstatements="64" elements="257" coveredelements="86"/>
  </project>
</coverage>
